<?xml version="1.0" encoding="UTF-8"?>
<!-- Generated by org.testng.reporters.JUnitReportReporter -->
<testsuite hostname="chetan-PC" name="com.test.scrolldown.ScrollToBottomOfWebPage" tests="1" failures="0" timestamp="5 Oct 2018 16:49:14 GMT" time="33.060" errors="0">
  <testcase name="scrollDown" time="33.060" classname="com.test.scrolldown.ScrollToBottomOfWebPage"/>
</testsuite> <!-- com.test.scrolldown.ScrollToBottomOfWebPage -->
