<?xml version="1.0" encoding="UTF-8"?>
<!-- Generated by org.testng.reporters.JUnitReportReporter -->
<testsuite hostname="chetan-PC" name="MultipleWindowHandle" tests="1" failures="0" timestamp="22 Oct 2018 12:15:54 GMT" time="17.196" errors="0">
  <testcase name="TestPopUp" time="17.196" classname="MultipleWindowHandle"/>
</testsuite> <!-- MultipleWindowHandle -->
