<?xml version="1.0" encoding="UTF-8"?>
<!-- Generated by org.testng.reporters.JUnitReportReporter -->
<testsuite hostname="chetan-PC" name="com.draganddrop.ScrollDownUpInSelenium" tests="1" failures="0" timestamp="9 Oct 2018 11:30:09 GMT" time="42.984" errors="0">
  <testcase name="actionsClass" time="42.984" classname="com.draganddrop.ScrollDownUpInSelenium"/>
</testsuite> <!-- com.draganddrop.ScrollDownUpInSelenium -->
