<?xml version="1.0" encoding="UTF-8"?>
<!-- Generated by org.testng.reporters.JUnitReportReporter -->
<testsuite hostname="chetan-PC" name="com.draganddrop.DragAndDropDemo" tests="1" failures="0" timestamp="9 Oct 2018 13:01:27 GMT" time="21.732" errors="0">
  <testcase name="DragnDrop" time="21.732" classname="com.draganddrop.DragAndDropDemo"/>
</testsuite> <!-- com.draganddrop.DragAndDropDemo -->
